 ====================>     TALLY 1: KAPPA-FISSION     <=====================

 Mesh Index (1, 1, 1)
   Total Material
     heating-local                        1.23913e+06 +/- 56958.1
 Mesh Index (1, 1, 2)
   Total Material
     heating-local                        1.23686e+06 +/- 55538.1
 Mesh Index (1, 1, 3)
   Total Material
     heating-local                        1.23553e+06 +/- 54991.3
 Mesh Index (1, 1, 4)
   Total Material
     heating-local                        1.22915e+06 +/- 54190
 Mesh Index (1, 1, 5)
   Total Material
     heating-local                        1.22842e+06 +/- 52095.1
 Mesh Index (1, 1, 6)
   Total Material
     heating-local                        1.22538e+06 +/- 53562.1
 Mesh Index (1, 1, 7)
   Total Material
     heating-local                        1.22424e+06 +/- 53661
 Mesh Index (1, 1, 8)
   Total Material
     heating-local                        1.2272e+06 +/- 52956.1
 Mesh Index (1, 1, 9)
   Total Material
     heating-local                        1.22449e+06 +/- 55221.1
 Mesh Index (1, 1, 10)
   Total Material
     heating-local                        1.2412e+06 +/- 53433
 Mesh Index (1, 1, 11)
   Total Material
     heating-local                        1.24247e+06 +/- 52697.9
 Mesh Index (1, 1, 12)
   Total Material
     heating-local                        1.24876e+06 +/- 50283.8
 Mesh Index (1, 1, 13)
   Total Material
     heating-local                        1.24126e+06 +/- 51704.6
 Mesh Index (1, 1, 14)
   Total Material
     heating-local                        1.24133e+06 +/- 47910.6
 Mesh Index (1, 1, 15)
   Total Material
     heating-local                        1.24522e+06 +/- 46946.7
 Mesh Index (1, 1, 16)
   Total Material
     heating-local                        1.24647e+06 +/- 45344.4
 Mesh Index (1, 1, 17)
   Total Material
     heating-local                        1.24533e+06 +/- 46508.3
 Mesh Index (1, 1, 18)
   Total Material
     heating-local                        1.23696e+06 +/- 40424
 Mesh Index (1, 1, 19)
   Total Material
     heating-local                        1.24534e+06 +/- 39465.7
 Mesh Index (1, 1, 20)
   Total Material
     heating-local                        1.24372e+06 +/- 37093
 Mesh Index (1, 1, 21)
   Total Material
     heating-local                        1.2493e+06 +/- 40998.2
 Mesh Index (1, 1, 22)
   Total Material
     heating-local                        1.25519e+06 +/- 42274.3
 Mesh Index (1, 1, 23)
   Total Material
     heating-local                        1.26264e+06 +/- 41279.6
 Mesh Index (1, 1, 24)
   Total Material
     heating-local                        1.2655e+06 +/- 39327.2
 Mesh Index (1, 1, 25)
   Total Material
     heating-local                        1.26785e+06 +/- 38999.6
 Mesh Index (1, 1, 26)
   Total Material
     heating-local                        1.27385e+06 +/- 37479.7
 Mesh Index (1, 1, 27)
   Total Material
     heating-local                        1.27796e+06 +/- 36307.7
 Mesh Index (1, 1, 28)
   Total Material
     heating-local                        1.27867e+06 +/- 34927.2
 Mesh Index (1, 1, 29)
   Total Material
     heating-local                        1.27617e+06 +/- 30414.6
 Mesh Index (1, 1, 30)
   Total Material
     heating-local                        1.28008e+06 +/- 30872.9
 Mesh Index (1, 1, 31)
   Total Material
     heating-local                        1.2815e+06 +/- 29674.7
 Mesh Index (1, 1, 32)
   Total Material
     heating-local                        1.2875e+06 +/- 24155.8
 Mesh Index (1, 1, 33)
   Total Material
     heating-local                        1.29565e+06 +/- 26393.6
 Mesh Index (1, 1, 34)
   Total Material
     heating-local                        1.29465e+06 +/- 21670.3
 Mesh Index (1, 1, 35)
   Total Material
     heating-local                        1.28446e+06 +/- 20561.2
 Mesh Index (1, 1, 36)
   Total Material
     heating-local                        1.28637e+06 +/- 18601.7
 Mesh Index (1, 1, 37)
   Total Material
     heating-local                        1.30329e+06 +/- 14598.6
 Mesh Index (1, 1, 38)
   Total Material
     heating-local                        1.29472e+06 +/- 11864.6
 Mesh Index (1, 1, 39)
   Total Material
     heating-local                        1.29504e+06 +/- 8947.6
 Mesh Index (1, 1, 40)
   Total Material
     heating-local                        1.28626e+06 +/- 8594.7
 Mesh Index (1, 1, 41)
   Total Material
     heating-local                        1.28369e+06 +/- 9884.23
 Mesh Index (1, 1, 42)
   Total Material
     heating-local                        1.28088e+06 +/- 8060.06
 Mesh Index (1, 1, 43)
   Total Material
     heating-local                        1.2833e+06 +/- 4325.66
 Mesh Index (1, 1, 44)
   Total Material
     heating-local                        1.28778e+06 +/- 4658.92
 Mesh Index (1, 1, 45)
   Total Material
     heating-local                        1.28443e+06 +/- 5349.7
 Mesh Index (1, 1, 46)
   Total Material
     heating-local                        1.28629e+06 +/- 3524.73
 Mesh Index (1, 1, 47)
   Total Material
     heating-local                        1.28954e+06 +/- 8156.68
 Mesh Index (1, 1, 48)
   Total Material
     heating-local                        1.284e+06 +/- 7074.22
 Mesh Index (1, 1, 49)
   Total Material
     heating-local                        1.27929e+06 +/- 5677.9
 Mesh Index (1, 1, 50)
   Total Material
     heating-local                        1.28522e+06 +/- 7580.7
 Mesh Index (1, 1, 51)
   Total Material
     heating-local                        1.26867e+06 +/- 5365.55
 Mesh Index (1, 1, 52)
   Total Material
     heating-local                        1.26366e+06 +/- 9324.74
 Mesh Index (1, 1, 53)
   Total Material
     heating-local                        1.25461e+06 +/- 11000.6
 Mesh Index (1, 1, 54)
   Total Material
     heating-local                        1.24358e+06 +/- 13153.5
 Mesh Index (1, 1, 55)
   Total Material
     heating-local                        1.23723e+06 +/- 17372.5
 Mesh Index (1, 1, 56)
   Total Material
     heating-local                        1.229e+06 +/- 20107.2
 Mesh Index (1, 1, 57)
   Total Material
     heating-local                        1.21344e+06 +/- 21980.7
 Mesh Index (1, 1, 58)
   Total Material
     heating-local                        1.19991e+06 +/- 23562.2
 Mesh Index (1, 1, 59)
   Total Material
     heating-local                        1.19437e+06 +/- 20716.7
 Mesh Index (1, 1, 60)
   Total Material
     heating-local                        1.17784e+06 +/- 20614
 Mesh Index (1, 1, 61)
   Total Material
     heating-local                        1.1539e+06 +/- 23583.2
 Mesh Index (1, 1, 62)
   Total Material
     heating-local                        1.14134e+06 +/- 23860.2
 Mesh Index (1, 1, 63)
   Total Material
     heating-local                        1.13421e+06 +/- 28614.7
 Mesh Index (1, 1, 64)
   Total Material
     heating-local                        1.12144e+06 +/- 28771.2
 Mesh Index (1, 1, 65)
   Total Material
     heating-local                        1.10434e+06 +/- 30873.9
 Mesh Index (1, 1, 66)
   Total Material
     heating-local                        1.08475e+06 +/- 30501.4
 Mesh Index (1, 1, 67)
   Total Material
     heating-local                        1.07359e+06 +/- 31803.9
 Mesh Index (1, 1, 68)
   Total Material
     heating-local                        1.05581e+06 +/- 30677.1
 Mesh Index (1, 1, 69)
   Total Material
     heating-local                        1.0371e+06 +/- 32019.1
 Mesh Index (1, 1, 70)
   Total Material
     heating-local                        1.01937e+06 +/- 33908.8
 Mesh Index (1, 1, 71)
   Total Material
     heating-local                        1.00076e+06 +/- 33129.1
 Mesh Index (1, 1, 72)
   Total Material
     heating-local                        991636 +/- 31121.6
 Mesh Index (1, 1, 73)
   Total Material
     heating-local                        977732 +/- 33254.7
 Mesh Index (1, 1, 74)
   Total Material
     heating-local                        956036 +/- 32479.7
 Mesh Index (1, 1, 75)
   Total Material
     heating-local                        932470 +/- 32790.4
 Mesh Index (1, 1, 76)
   Total Material
     heating-local                        915770 +/- 36386.6
 Mesh Index (1, 1, 77)
   Total Material
     heating-local                        891947 +/- 38361.2
 Mesh Index (1, 1, 78)
   Total Material
     heating-local                        859972 +/- 39200.7
 Mesh Index (1, 1, 79)
   Total Material
     heating-local                        831260 +/- 39409.2
 Mesh Index (1, 1, 80)
   Total Material
     heating-local                        811480 +/- 40182.9
 Mesh Index (1, 1, 81)
   Total Material
     heating-local                        777550 +/- 38524.4
 Mesh Index (1, 1, 82)
   Total Material
     heating-local                        740360 +/- 37778.8
 Mesh Index (1, 1, 83)
   Total Material
     heating-local                        715447 +/- 39426.2
 Mesh Index (1, 1, 84)
   Total Material
     heating-local                        681211 +/- 38843.9
 Mesh Index (1, 1, 85)
   Total Material
     heating-local                        649524 +/- 38131.2
 Mesh Index (1, 1, 86)
   Total Material
     heating-local                        614294 +/- 37613.1
 Mesh Index (1, 1, 87)
   Total Material
     heating-local                        581286 +/- 36424
 Mesh Index (1, 1, 88)
   Total Material
     heating-local                        550253 +/- 34670.7
 Mesh Index (1, 1, 89)
   Total Material
     heating-local                        516883 +/- 33947.9
 Mesh Index (1, 1, 90)
   Total Material
     heating-local                        481296 +/- 30767
 Mesh Index (1, 1, 91)
   Total Material
     heating-local                        436559 +/- 26892.4
 Mesh Index (1, 1, 92)
   Total Material
     heating-local                        401376 +/- 22870.2
 Mesh Index (1, 1, 93)
   Total Material
     heating-local                        362304 +/- 22294.3
 Mesh Index (1, 1, 94)
   Total Material
     heating-local                        316831 +/- 19685.6
 Mesh Index (1, 1, 95)
   Total Material
     heating-local                        277425 +/- 18370.3
 Mesh Index (1, 1, 96)
   Total Material
     heating-local                        238188 +/- 16104.5
 Mesh Index (1, 1, 97)
   Total Material
     heating-local                        194222 +/- 12994.2
 Mesh Index (1, 1, 98)
   Total Material
     heating-local                        147740 +/- 9454.61
 Mesh Index (1, 1, 99)
   Total Material
     heating-local                        98623.5 +/- 6535.32
 =========================>     TALLY 2: FLUX     <=========================

 Total Material
   Flux                                 141.66 +/- 0.441843
 ===================>     TALLY 3: FISSION-Q-PROMPT     <===================

 Total Material
   Prompt fission power                 9.5619e+07 +/- 257607
 =======================>     TALLY 4: FISSION     <========================

 Total Material
   Fission Rate                         0.530901 +/- 0.00142845
 =======================>     TALLY 6: FLUXMESH     <=======================

 Mesh Index (1, 1, 1)
   Incoming Energy [0, 1000)
     Total Material
       Flux                                 0.00438925 +/- 0.000386607
   Incoming Energy [1000, 1e+20)
     Total Material
       Flux                                 1.64087 +/- 0.0796718
 Mesh Index (1, 1, 2)
   Incoming Energy [0, 1000)
     Total Material
       Flux                                 0.00425864 +/- 0.000427124
   Incoming Energy [1000, 1e+20)
     Total Material
       Flux                                 1.6404 +/- 0.0778674
 Mesh Index (1, 1, 3)
   Incoming Energy [0, 1000)
     Total Material
       Flux                                 0.00473563 +/- 0.000271484
   Incoming Energy [1000, 1e+20)
     Total Material
       Flux                                 1.6375 +/- 0.076606
 Mesh Index (1, 1, 4)
   Incoming Energy [0, 1000)
     Total Material
       Flux                                 0.00538749 +/- 0.000430977
   Incoming Energy [1000, 1e+20)
     Total Material
       Flux                                 1.63495 +/- 0.0758303
 Mesh Index (1, 1, 5)
   Incoming Energy [0, 1000)
     Total Material
       Flux                                 0.00492851 +/- 0.000408065
   Incoming Energy [1000, 1e+20)
     Total Material
       Flux                                 1.63166 +/- 0.0729205
 Mesh Index (1, 1, 6)
   Incoming Energy [0, 1000)
     Total Material
       Flux                                 0.00464979 +/- 0.000305365
   Incoming Energy [1000, 1e+20)
     Total Material
       Flux                                 1.62586 +/- 0.0747755
 Mesh Index (1, 1, 7)
   Incoming Energy [0, 1000)
     Total Material
       Flux                                 0.00475529 +/- 0.000417732
   Incoming Energy [1000, 1e+20)
     Total Material
       Flux                                 1.63276 +/- 0.0727735
 Mesh Index (1, 1, 8)
   Incoming Energy [0, 1000)
     Total Material
       Flux                                 0.0051958 +/- 0.000425151
   Incoming Energy [1000, 1e+20)
     Total Material
       Flux                                 1.62553 +/- 0.0731836
 Mesh Index (1, 1, 9)
   Incoming Energy [0, 1000)
     Total Material
       Flux                                 0.00453881 +/- 0.000519821
   Incoming Energy [1000, 1e+20)
     Total Material
       Flux                                 1.62665 +/- 0.0741318
 Mesh Index (1, 1, 10)
   Incoming Energy [0, 1000)
     Total Material
       Flux                                 0.0048822 +/- 0.000415584
   Incoming Energy [1000, 1e+20)
     Total Material
       Flux                                 1.63686 +/- 0.0697844
 Mesh Index (1, 1, 11)
   Incoming Energy [0, 1000)
     Total Material
       Flux                                 0.00445419 +/- 0.000329309
   Incoming Energy [1000, 1e+20)
     Total Material
       Flux                                 1.64914 +/- 0.0693507
 Mesh Index (1, 1, 12)
   Incoming Energy [0, 1000)
     Total Material
       Flux                                 0.00428951 +/- 0.000253271
   Incoming Energy [1000, 1e+20)
     Total Material
       Flux                                 1.65063 +/- 0.0691002
 Mesh Index (1, 1, 13)
   Incoming Energy [0, 1000)
     Total Material
       Flux                                 0.00456255 +/- 0.000264643
   Incoming Energy [1000, 1e+20)
     Total Material
       Flux                                 1.64799 +/- 0.0689868
 Mesh Index (1, 1, 14)
   Incoming Energy [0, 1000)
     Total Material
       Flux                                 0.00429299 +/- 0.000231948
   Incoming Energy [1000, 1e+20)
     Total Material
       Flux                                 1.64783 +/- 0.0654592
 Mesh Index (1, 1, 15)
   Incoming Energy [0, 1000)
     Total Material
       Flux                                 0.00422208 +/- 0.000278798
   Incoming Energy [1000, 1e+20)
     Total Material
       Flux                                 1.65365 +/- 0.0671574
 Mesh Index (1, 1, 16)
   Incoming Energy [0, 1000)
     Total Material
       Flux                                 0.00411768 +/- 0.000276575
   Incoming Energy [1000, 1e+20)
     Total Material
       Flux                                 1.64941 +/- 0.0631077
 Mesh Index (1, 1, 17)
   Incoming Energy [0, 1000)
     Total Material
       Flux                                 0.00403525 +/- 0.000264252
   Incoming Energy [1000, 1e+20)
     Total Material
       Flux                                 1.64921 +/- 0.0620692
 Mesh Index (1, 1, 18)
   Incoming Energy [0, 1000)
     Total Material
       Flux                                 0.0039132 +/- 0.0002042
   Incoming Energy [1000, 1e+20)
     Total Material
       Flux                                 1.64674 +/- 0.0576111
 Mesh Index (1, 1, 19)
   Incoming Energy [0, 1000)
     Total Material
       Flux                                 0.00484644 +/- 0.000499101
   Incoming Energy [1000, 1e+20)
     Total Material
       Flux                                 1.64622 +/- 0.0544169
 Mesh Index (1, 1, 20)
   Incoming Energy [0, 1000)
     Total Material
       Flux                                 0.00476554 +/- 0.0003354
   Incoming Energy [1000, 1e+20)
     Total Material
       Flux                                 1.6492 +/- 0.050844
 Mesh Index (1, 1, 21)
   Incoming Energy [0, 1000)
     Total Material
       Flux                                 0.00424402 +/- 0.000224122
   Incoming Energy [1000, 1e+20)
     Total Material
       Flux                                 1.65338 +/- 0.0527619
 Mesh Index (1, 1, 22)
   Incoming Energy [0, 1000)
     Total Material
       Flux                                 0.00423949 +/- 0.000299855
   Incoming Energy [1000, 1e+20)
     Total Material
       Flux                                 1.66833 +/- 0.0531908
 Mesh Index (1, 1, 23)
   Incoming Energy [0, 1000)
     Total Material
       Flux                                 0.00432331 +/- 0.000367055
   Incoming Energy [1000, 1e+20)
     Total Material
       Flux                                 1.67986 +/- 0.0539228
 Mesh Index (1, 1, 24)
   Incoming Energy [0, 1000)
     Total Material
       Flux                                 0.00419047 +/- 0.000288664
   Incoming Energy [1000, 1e+20)
     Total Material
       Flux                                 1.68087 +/- 0.0522544
 Mesh Index (1, 1, 25)
   Incoming Energy [0, 1000)
     Total Material
       Flux                                 0.00459009 +/- 0.000410275
   Incoming Energy [1000, 1e+20)
     Total Material
       Flux                                 1.68697 +/- 0.051125
 Mesh Index (1, 1, 26)
   Incoming Energy [0, 1000)
     Total Material
       Flux                                 0.00459704 +/- 0.000328772
   Incoming Energy [1000, 1e+20)
     Total Material
       Flux                                 1.69997 +/- 0.0492648
 Mesh Index (1, 1, 27)
   Incoming Energy [0, 1000)
     Total Material
       Flux                                 0.0043662 +/- 0.000294497
   Incoming Energy [1000, 1e+20)
     Total Material
       Flux                                 1.70783 +/- 0.0485386
 Mesh Index (1, 1, 28)
   Incoming Energy [0, 1000)
     Total Material
       Flux                                 0.00457005 +/- 0.000413912
   Incoming Energy [1000, 1e+20)
     Total Material
       Flux                                 1.7083 +/- 0.0438339
 Mesh Index (1, 1, 29)
   Incoming Energy [0, 1000)
     Total Material
       Flux                                 0.00402644 +/- 0.000410042
   Incoming Energy [1000, 1e+20)
     Total Material
       Flux                                 1.7069 +/- 0.042046
 Mesh Index (1, 1, 30)
   Incoming Energy [0, 1000)
     Total Material
       Flux                                 0.00454083 +/- 0.000361198
   Incoming Energy [1000, 1e+20)
     Total Material
       Flux                                 1.70586 +/- 0.0413132
 Mesh Index (1, 1, 31)
   Incoming Energy [0, 1000)
     Total Material
       Flux                                 0.00434833 +/- 0.000320143
   Incoming Energy [1000, 1e+20)
     Total Material
       Flux                                 1.70149 +/- 0.0383407
 Mesh Index (1, 1, 32)
   Incoming Energy [0, 1000)
     Total Material
       Flux                                 0.00480618 +/- 0.000277782
   Incoming Energy [1000, 1e+20)
     Total Material
       Flux                                 1.71382 +/- 0.0311025
 Mesh Index (1, 1, 33)
   Incoming Energy [0, 1000)
     Total Material
       Flux                                 0.00509491 +/- 0.000335884
   Incoming Energy [1000, 1e+20)
     Total Material
       Flux                                 1.71622 +/- 0.0333086
 Mesh Index (1, 1, 34)
   Incoming Energy [0, 1000)
     Total Material
       Flux                                 0.00499575 +/- 0.000398761
   Incoming Energy [1000, 1e+20)
     Total Material
       Flux                                 1.71833 +/- 0.028942
 Mesh Index (1, 1, 35)
   Incoming Energy [0, 1000)
     Total Material
       Flux                                 0.00475138 +/- 0.000317537
   Incoming Energy [1000, 1e+20)
     Total Material
       Flux                                 1.70735 +/- 0.0273051
 Mesh Index (1, 1, 36)
   Incoming Energy [0, 1000)
     Total Material
       Flux                                 0.00473578 +/- 0.000221516
   Incoming Energy [1000, 1e+20)
     Total Material
       Flux                                 1.71381 +/- 0.0233561
 Mesh Index (1, 1, 37)
   Incoming Energy [0, 1000)
     Total Material
       Flux                                 0.00456375 +/- 0.000275572
   Incoming Energy [1000, 1e+20)
     Total Material
       Flux                                 1.72773 +/- 0.0224006
 Mesh Index (1, 1, 38)
   Incoming Energy [0, 1000)
     Total Material
       Flux                                 0.00471309 +/- 0.000291877
   Incoming Energy [1000, 1e+20)
     Total Material
       Flux                                 1.71795 +/- 0.01799
 Mesh Index (1, 1, 39)
   Incoming Energy [0, 1000)
     Total Material
       Flux                                 0.00463747 +/- 0.00038329
   Incoming Energy [1000, 1e+20)
     Total Material
       Flux                                 1.71982 +/- 0.0127684
 Mesh Index (1, 1, 40)
   Incoming Energy [0, 1000)
     Total Material
       Flux                                 0.00388864 +/- 0.000320386
   Incoming Energy [1000, 1e+20)
     Total Material
       Flux                                 1.71553 +/- 0.0115908
 Mesh Index (1, 1, 41)
   Incoming Energy [0, 1000)
     Total Material
       Flux                                 0.00397117 +/- 0.000261703
   Incoming Energy [1000, 1e+20)
     Total Material
       Flux                                 1.70986 +/- 0.0129529
 Mesh Index (1, 1, 42)
   Incoming Energy [0, 1000)
     Total Material
       Flux                                 0.00379491 +/- 0.000315513
   Incoming Energy [1000, 1e+20)
     Total Material
       Flux                                 1.71107 +/- 0.0108084
 Mesh Index (1, 1, 43)
   Incoming Energy [0, 1000)
     Total Material
       Flux                                 0.00440781 +/- 0.000176613
   Incoming Energy [1000, 1e+20)
     Total Material
       Flux                                 1.70987 +/- 0.00421934
 Mesh Index (1, 1, 44)
   Incoming Energy [0, 1000)
     Total Material
       Flux                                 0.00398231 +/- 0.000176593
   Incoming Energy [1000, 1e+20)
     Total Material
       Flux                                 1.71793 +/- 0.00433762
 Mesh Index (1, 1, 45)
   Incoming Energy [0, 1000)
     Total Material
       Flux                                 0.0038453 +/- 0.000165555
   Incoming Energy [1000, 1e+20)
     Total Material
       Flux                                 1.71798 +/- 0.00530734
 Mesh Index (1, 1, 46)
   Incoming Energy [0, 1000)
     Total Material
       Flux                                 0.00379519 +/- 0.0003019
   Incoming Energy [1000, 1e+20)
     Total Material
       Flux                                 1.71937 +/- 0.00440713
 Mesh Index (1, 1, 47)
   Incoming Energy [0, 1000)
     Total Material
       Flux                                 0.00394376 +/- 0.000348738
   Incoming Energy [1000, 1e+20)
     Total Material
       Flux                                 1.7163 +/- 0.00597658
 Mesh Index (1, 1, 48)
   Incoming Energy [0, 1000)
     Total Material
       Flux                                 0.00406274 +/- 0.000264843
   Incoming Energy [1000, 1e+20)
     Total Material
       Flux                                 1.71054 +/- 0.0045593
 Mesh Index (1, 1, 49)
   Incoming Energy [0, 1000)
     Total Material
       Flux                                 0.00383166 +/- 0.0003447
   Incoming Energy [1000, 1e+20)
     Total Material
       Flux                                 1.70794 +/- 0.00706346
 Mesh Index (1, 1, 50)
   Incoming Energy [0, 1000)
     Total Material
       Flux                                 0.00413979 +/- 0.000273216
   Incoming Energy [1000, 1e+20)
     Total Material
       Flux                                 1.70645 +/- 0.0089081
 Mesh Index (1, 1, 51)
   Incoming Energy [0, 1000)
     Total Material
       Flux                                 0.00368782 +/- 0.000257031
   Incoming Energy [1000, 1e+20)
     Total Material
       Flux                                 1.69557 +/- 0.0100418
 Mesh Index (1, 1, 52)
   Incoming Energy [0, 1000)
     Total Material
       Flux                                 0.0035878 +/- 0.000235435
   Incoming Energy [1000, 1e+20)
     Total Material
       Flux                                 1.68387 +/- 0.0134976
 Mesh Index (1, 1, 53)
   Incoming Energy [0, 1000)
     Total Material
       Flux                                 0.00372243 +/- 0.000350697
   Incoming Energy [1000, 1e+20)
     Total Material
       Flux                                 1.6709 +/- 0.0145053
 Mesh Index (1, 1, 54)
   Incoming Energy [0, 1000)
     Total Material
       Flux                                 0.00363083 +/- 0.000455234
   Incoming Energy [1000, 1e+20)
     Total Material
       Flux                                 1.66051 +/- 0.0193682
 Mesh Index (1, 1, 55)
   Incoming Energy [0, 1000)
     Total Material
       Flux                                 0.00343651 +/- 0.000416764
   Incoming Energy [1000, 1e+20)
     Total Material
       Flux                                 1.65313 +/- 0.0235979
 Mesh Index (1, 1, 56)
   Incoming Energy [0, 1000)
     Total Material
       Flux                                 0.00341985 +/- 0.000461756
   Incoming Energy [1000, 1e+20)
     Total Material
       Flux                                 1.63772 +/- 0.0268276
 Mesh Index (1, 1, 57)
   Incoming Energy [0, 1000)
     Total Material
       Flux                                 0.00380185 +/- 0.000427957
   Incoming Energy [1000, 1e+20)
     Total Material
       Flux                                 1.61781 +/- 0.0284111
 Mesh Index (1, 1, 58)
   Incoming Energy [0, 1000)
     Total Material
       Flux                                 0.0038605 +/- 0.0003189
   Incoming Energy [1000, 1e+20)
     Total Material
       Flux                                 1.60758 +/- 0.0298919
 Mesh Index (1, 1, 59)
   Incoming Energy [0, 1000)
     Total Material
       Flux                                 0.00413731 +/- 0.000387366
   Incoming Energy [1000, 1e+20)
     Total Material
       Flux                                 1.59174 +/- 0.0283743
 Mesh Index (1, 1, 60)
   Incoming Energy [0, 1000)
     Total Material
       Flux                                 0.0042404 +/- 0.000427521
   Incoming Energy [1000, 1e+20)
     Total Material
       Flux                                 1.5714 +/- 0.0289227
 Mesh Index (1, 1, 61)
   Incoming Energy [0, 1000)
     Total Material
       Flux                                 0.00370423 +/- 0.000308595
   Incoming Energy [1000, 1e+20)
     Total Material
       Flux                                 1.54716 +/- 0.0322619
 Mesh Index (1, 1, 62)
   Incoming Energy [0, 1000)
     Total Material
       Flux                                 0.00340524 +/- 0.000296504
   Incoming Energy [1000, 1e+20)
     Total Material
       Flux                                 1.53085 +/- 0.0330183
 Mesh Index (1, 1, 63)
   Incoming Energy [0, 1000)
     Total Material
       Flux                                 0.00375961 +/- 0.000372348
   Incoming Energy [1000, 1e+20)
     Total Material
       Flux                                 1.51444 +/- 0.0378679
 Mesh Index (1, 1, 64)
   Incoming Energy [0, 1000)
     Total Material
       Flux                                 0.00361673 +/- 0.000387663
   Incoming Energy [1000, 1e+20)
     Total Material
       Flux                                 1.49874 +/- 0.0374092
 Mesh Index (1, 1, 65)
   Incoming Energy [0, 1000)
     Total Material
       Flux                                 0.00353932 +/- 0.000316993
   Incoming Energy [1000, 1e+20)
     Total Material
       Flux                                 1.47902 +/- 0.039717
 Mesh Index (1, 1, 66)
   Incoming Energy [0, 1000)
     Total Material
       Flux                                 0.00308482 +/- 0.00026777
   Incoming Energy [1000, 1e+20)
     Total Material
       Flux                                 1.45679 +/- 0.0395843
 Mesh Index (1, 1, 67)
   Incoming Energy [0, 1000)
     Total Material
       Flux                                 0.0032921 +/- 0.00035129
   Incoming Energy [1000, 1e+20)
     Total Material
       Flux                                 1.43274 +/- 0.042737
 Mesh Index (1, 1, 68)
   Incoming Energy [0, 1000)
     Total Material
       Flux                                 0.00308468 +/- 0.000343971
   Incoming Energy [1000, 1e+20)
     Total Material
       Flux                                 1.41259 +/- 0.0425328
 Mesh Index (1, 1, 69)
   Incoming Energy [0, 1000)
     Total Material
       Flux                                 0.00312716 +/- 0.000327982
   Incoming Energy [1000, 1e+20)
     Total Material
       Flux                                 1.39279 +/- 0.0436287
 Mesh Index (1, 1, 70)
   Incoming Energy [0, 1000)
     Total Material
       Flux                                 0.00341877 +/- 0.000572076
   Incoming Energy [1000, 1e+20)
     Total Material
       Flux                                 1.37274 +/- 0.0445555
 Mesh Index (1, 1, 71)
   Incoming Energy [0, 1000)
     Total Material
       Flux                                 0.00362653 +/- 0.000493512
   Incoming Energy [1000, 1e+20)
     Total Material
       Flux                                 1.34617 +/- 0.0450207
 Mesh Index (1, 1, 72)
   Incoming Energy [0, 1000)
     Total Material
       Flux                                 0.00386312 +/- 0.000364974
   Incoming Energy [1000, 1e+20)
     Total Material
       Flux                                 1.32563 +/- 0.0443093
 Mesh Index (1, 1, 73)
   Incoming Energy [0, 1000)
     Total Material
       Flux                                 0.00330346 +/- 0.000339751
   Incoming Energy [1000, 1e+20)
     Total Material
       Flux                                 1.30895 +/- 0.0459547
 Mesh Index (1, 1, 74)
   Incoming Energy [0, 1000)
     Total Material
       Flux                                 0.00297145 +/- 0.000270449
   Incoming Energy [1000, 1e+20)
     Total Material
       Flux                                 1.28246 +/- 0.0444715
 Mesh Index (1, 1, 75)
   Incoming Energy [0, 1000)
     Total Material
       Flux                                 0.00309193 +/- 0.00029325
   Incoming Energy [1000, 1e+20)
     Total Material
       Flux                                 1.24445 +/- 0.0453502
 Mesh Index (1, 1, 76)
   Incoming Energy [0, 1000)
     Total Material
       Flux                                 0.00295413 +/- 0.000273296
   Incoming Energy [1000, 1e+20)
     Total Material
       Flux                                 1.22898 +/- 0.049665
 Mesh Index (1, 1, 77)
   Incoming Energy [0, 1000)
     Total Material
       Flux                                 0.00282762 +/- 0.000502079
   Incoming Energy [1000, 1e+20)
     Total Material
       Flux                                 1.1922 +/- 0.0507863
 Mesh Index (1, 1, 78)
   Incoming Energy [0, 1000)
     Total Material
       Flux                                 0.00273689 +/- 0.000331599
   Incoming Energy [1000, 1e+20)
     Total Material
       Flux                                 1.15309 +/- 0.0509291
 Mesh Index (1, 1, 79)
   Incoming Energy [0, 1000)
     Total Material
       Flux                                 0.0029068 +/- 0.00033881
   Incoming Energy [1000, 1e+20)
     Total Material
       Flux                                 1.11345 +/- 0.0520216
 Mesh Index (1, 1, 80)
   Incoming Energy [0, 1000)
     Total Material
       Flux                                 0.00314454 +/- 0.000399515
   Incoming Energy [1000, 1e+20)
     Total Material
       Flux                                 1.08059 +/- 0.053814
 Mesh Index (1, 1, 81)
   Incoming Energy [0, 1000)
     Total Material
       Flux                                 0.00273212 +/- 0.000312381
   Incoming Energy [1000, 1e+20)
     Total Material
       Flux                                 1.03956 +/- 0.0526512
 Mesh Index (1, 1, 82)
   Incoming Energy [0, 1000)
     Total Material
       Flux                                 0.00213729 +/- 0.000215578
   Incoming Energy [1000, 1e+20)
     Total Material
       Flux                                 0.993793 +/- 0.0512262
 Mesh Index (1, 1, 83)
   Incoming Energy [0, 1000)
     Total Material
       Flux                                 0.0019989 +/- 0.000233722
   Incoming Energy [1000, 1e+20)
     Total Material
       Flux                                 0.959768 +/- 0.0521826
 Mesh Index (1, 1, 84)
   Incoming Energy [0, 1000)
     Total Material
       Flux                                 0.00186008 +/- 0.000190587
   Incoming Energy [1000, 1e+20)
     Total Material
       Flux                                 0.918782 +/- 0.0529756
 Mesh Index (1, 1, 85)
   Incoming Energy [0, 1000)
     Total Material
       Flux                                 0.00176036 +/- 0.000221236
   Incoming Energy [1000, 1e+20)
     Total Material
       Flux                                 0.874681 +/- 0.0508446
 Mesh Index (1, 1, 86)
   Incoming Energy [0, 1000)
     Total Material
       Flux                                 0.00169486 +/- 0.000215301
   Incoming Energy [1000, 1e+20)
     Total Material
       Flux                                 0.829309 +/- 0.0515607
 Mesh Index (1, 1, 87)
   Incoming Energy [0, 1000)
     Total Material
       Flux                                 0.0016849 +/- 0.000261356
   Incoming Energy [1000, 1e+20)
     Total Material
       Flux                                 0.785961 +/- 0.0496237
 Mesh Index (1, 1, 88)
   Incoming Energy [0, 1000)
     Total Material
       Flux                                 0.00167712 +/- 0.000182641
   Incoming Energy [1000, 1e+20)
     Total Material
       Flux                                 0.743189 +/- 0.0468993
 Mesh Index (1, 1, 89)
   Incoming Energy [0, 1000)
     Total Material
       Flux                                 0.00165957 +/- 0.000242658
   Incoming Energy [1000, 1e+20)
     Total Material
       Flux                                 0.695543 +/- 0.0466117
 Mesh Index (1, 1, 90)
   Incoming Energy [0, 1000)
     Total Material
       Flux                                 0.00135228 +/- 0.000181254
   Incoming Energy [1000, 1e+20)
     Total Material
       Flux                                 0.647027 +/- 0.0424438
 Mesh Index (1, 1, 91)
   Incoming Energy [0, 1000)
     Total Material
       Flux                                 0.00108055 +/- 0.000153652
   Incoming Energy [1000, 1e+20)
     Total Material
       Flux                                 0.591327 +/- 0.0371788
 Mesh Index (1, 1, 92)
   Incoming Energy [0, 1000)
     Total Material
       Flux                                 0.00113596 +/- 0.000255192
   Incoming Energy [1000, 1e+20)
     Total Material
       Flux                                 0.541307 +/- 0.0326207
 Mesh Index (1, 1, 93)
   Incoming Energy [0, 1000)
     Total Material
       Flux                                 0.000999401 +/- 0.000339739
   Incoming Energy [1000, 1e+20)
     Total Material
       Flux                                 0.49062 +/- 0.0324277
 Mesh Index (1, 1, 94)
   Incoming Energy [0, 1000)
     Total Material
       Flux                                 0.000579059 +/- 9.96006e-05
   Incoming Energy [1000, 1e+20)
     Total Material
       Flux                                 0.431256 +/- 0.0284048
 Mesh Index (1, 1, 95)
   Incoming Energy [0, 1000)
     Total Material
       Flux                                 0.000471287 +/- 0.000118489
   Incoming Energy [1000, 1e+20)
     Total Material
       Flux                                 0.379236 +/- 0.0250459
 Mesh Index (1, 1, 96)
   Incoming Energy [0, 1000)
     Total Material
       Flux                                 0.000392235 +/- 0.000111911
   Incoming Energy [1000, 1e+20)
     Total Material
       Flux                                 0.326692 +/- 0.0224234
 Mesh Index (1, 1, 97)
   Incoming Energy [0, 1000)
     Total Material
       Flux                                 0.000232451 +/- 4.77267e-05
   Incoming Energy [1000, 1e+20)
     Total Material
       Flux                                 0.267875 +/- 0.018553
 Mesh Index (1, 1, 98)
   Incoming Energy [0, 1000)
     Total Material
       Flux                                 0.000197395 +/- 4.15681e-05
   Incoming Energy [1000, 1e+20)
     Total Material
       Flux                                 0.2053 +/- 0.0132134
 Mesh Index (1, 1, 99)
   Incoming Energy [0, 1000)
     Total Material
       Flux                                 0.000167607 +/- 4.22617e-05
   Incoming Energy [1000, 1e+20)
     Total Material
       Flux                                 0.139306 +/- 0.00932696
